Added Component: Designator=C1_M501(CAPC3216M)
Added Component: Designator=C1_M502(CAPC3216M)
Added Component: Designator=C1_M503(CAPC3216M)
Added Component: Designator=C1_M504(CAPC3216M)
Added Component: Designator=C1_M505(CAPC3216M)
Added Component: Designator=C1_M506(CAPC3216M)
Added Component: Designator=C2_M501(C0603K)
Added Component: Designator=C2_M502(C0603K)
Added Component: Designator=C2_M503(C0603K)
Added Component: Designator=C2_M504(C0603K)
Added Component: Designator=C2_M505(C0603K)
Added Component: Designator=C2_M506(C0603K)
Added Component: Designator=C3_M501(594D107X9016D2T)
Added Component: Designator=C3_M502(594D107X9016D2T)
Added Component: Designator=C3_M503(594D107X9016D2T)
Added Component: Designator=C3_M504(594D107X9016D2T)
Added Component: Designator=C3_M505(594D107X9016D2T)
Added Component: Designator=C3_M506(594D107X9016D2T)
Added Component: Designator=R1_M501(R0603)
Added Component: Designator=R1_M502(R0603)
Added Component: Designator=R1_M503(R0603)
Added Component: Designator=R1_M504(R0603)
Added Component: Designator=R1_M505(R0603)
Added Component: Designator=R1_M506(R0603)
Added Component: Designator=R2_M501(R0603)
Added Component: Designator=R2_M502(R0603)
Added Component: Designator=R2_M503(R0603)
Added Component: Designator=R2_M504(R0603)
Added Component: Designator=R2_M505(R0603)
Added Component: Designator=R2_M506(R0603)
Added Component: Designator=R3_M501(RESC1608M)
Added Component: Designator=R3_M502(RESC1608M)
Added Component: Designator=R3_M503(RESC1608M)
Added Component: Designator=R3_M504(RESC1608M)
Added Component: Designator=R3_M505(RESC1608M)
Added Component: Designator=R3_M506(RESC1608M)
Added Component: Designator=R4_M501(RESC1608M)
Added Component: Designator=R4_M502(RESC1608M)
Added Component: Designator=R4_M503(RESC1608M)
Added Component: Designator=R4_M504(RESC1608M)
Added Component: Designator=R4_M505(RESC1608M)
Added Component: Designator=R4_M506(RESC1608M)
Added Component: Designator=R5_M501(Footprint 1812)
Added Component: Designator=R5_M502(Footprint 1812)
Added Component: Designator=R5_M503(Footprint 1812)
Added Component: Designator=R5_M504(Footprint 1812)
Added Component: Designator=R5_M505(Footprint 1812)
Added Component: Designator=R5_M506(Footprint 1812)
Added Component: Designator=R6_M501(Footprint 1812)
Added Component: Designator=R6_M502(Footprint 1812)
Added Component: Designator=R6_M503(Footprint 1812)
Added Component: Designator=R6_M504(Footprint 1812)
Added Component: Designator=R6_M505(Footprint 1812)
Added Component: Designator=R6_M506(Footprint 1812)
Added Component: Designator=U1_M501(SO8 ***)
Added Component: Designator=U1_M502(SO8 ***)
Added Component: Designator=U1_M503(SO8 ***)
Added Component: Designator=U1_M504(SO8 ***)
Added Component: Designator=U1_M505(SO8 ***)
Added Component: Designator=U1_M506(SO8 ***)
Added Component: Designator=U2_M501(SOT23-5_L)
Added Component: Designator=U2_M502(SOT23-5_L)
Added Component: Designator=U2_M503(SOT23-5_L)
Added Component: Designator=U2_M504(SOT23-5_L)
Added Component: Designator=U2_M505(SOT23-5_L)
Added Component: Designator=U2_M506(SOT23-5_L)
Added Pin To Net: NetName=GND Pin=C1_M501-1
Added Pin To Net: NetName=GND Pin=C1_M502-1
Added Pin To Net: NetName=GND Pin=C1_M503-1
Added Pin To Net: NetName=GND Pin=C1_M504-1
Added Pin To Net: NetName=GND Pin=C1_M505-1
Added Pin To Net: NetName=GND Pin=C1_M506-1
Added Pin To Net: NetName=GND Pin=C2_M501-1
Added Pin To Net: NetName=GND Pin=C2_M502-1
Added Pin To Net: NetName=GND Pin=C2_M503-1
Added Pin To Net: NetName=GND Pin=C2_M504-1
Added Pin To Net: NetName=GND Pin=C2_M505-1
Added Pin To Net: NetName=GND Pin=C2_M506-1
Added Pin To Net: NetName=GND Pin=C3_M501-2
Added Pin To Net: NetName=GND Pin=C3_M502-2
Added Pin To Net: NetName=GND Pin=C3_M503-2
Added Pin To Net: NetName=GND Pin=C3_M504-2
Added Pin To Net: NetName=GND Pin=C3_M505-2
Added Pin To Net: NetName=GND Pin=C3_M506-2
Added Pin To Net: NetName=GND Pin=R2_M501-1
Added Pin To Net: NetName=GND Pin=R2_M502-1
Added Pin To Net: NetName=GND Pin=R2_M503-1
Added Pin To Net: NetName=GND Pin=R2_M504-1
Added Pin To Net: NetName=GND Pin=R2_M505-1
Added Pin To Net: NetName=GND Pin=R2_M506-1
Added Pin To Net: NetName=VCC_5.0 Pin=R3_M501-2
Added Pin To Net: NetName=VCC_5.0 Pin=R3_M502-2
Added Pin To Net: NetName=VCC_5.0 Pin=R3_M503-2
Added Pin To Net: NetName=VCC_5.0 Pin=R3_M504-2
Added Pin To Net: NetName=VCC_5.0 Pin=R3_M505-2
Added Pin To Net: NetName=VCC_5.0 Pin=R3_M506-2
Added Pin To Net: NetName=VCC_3.3 Pin=R4_M501-2
Added Pin To Net: NetName=VCC_3.3 Pin=R4_M502-2
Added Pin To Net: NetName=VCC_3.3 Pin=R4_M503-2
Added Pin To Net: NetName=VCC_3.3 Pin=R4_M504-2
Added Pin To Net: NetName=VCC_3.3 Pin=R4_M505-2
Added Pin To Net: NetName=VCC_3.3 Pin=R4_M506-2
Added Pin To Net: NetName=VCC_3.3 Pin=R5_M501-1
Added Pin To Net: NetName=VCC_3.3 Pin=R5_M502-1
Added Pin To Net: NetName=VCC_3.3 Pin=R5_M503-1
Added Pin To Net: NetName=VCC_3.3 Pin=R5_M504-1
Added Pin To Net: NetName=VCC_3.3 Pin=R5_M505-1
Added Pin To Net: NetName=VCC_3.3 Pin=R5_M506-1
Added Pin To Net: NetName=VCC_5.0 Pin=R6_M501-1
Added Pin To Net: NetName=VCC_5.0 Pin=R6_M502-1
Added Pin To Net: NetName=VCC_5.0 Pin=R6_M503-1
Added Pin To Net: NetName=VCC_5.0 Pin=R6_M504-1
Added Pin To Net: NetName=VCC_5.0 Pin=R6_M505-1
Added Pin To Net: NetName=VCC_5.0 Pin=R6_M506-1
Added Pin To Net: NetName=GND Pin=U1_M501-3
Added Pin To Net: NetName=GND Pin=U1_M501-3
Added Pin To Net: NetName=GND Pin=U1_M502-3
Added Pin To Net: NetName=GND Pin=U1_M502-3
Added Pin To Net: NetName=GND Pin=U1_M503-3
Added Pin To Net: NetName=GND Pin=U1_M503-3
Added Pin To Net: NetName=GND Pin=U1_M504-3
Added Pin To Net: NetName=GND Pin=U1_M504-3
Added Pin To Net: NetName=GND Pin=U1_M505-3
Added Pin To Net: NetName=GND Pin=U1_M505-3
Added Pin To Net: NetName=GND Pin=U1_M506-3
Added Pin To Net: NetName=GND Pin=U1_M506-3
Added Pin To Net: NetName=GND Pin=U2_M501-1
Added Pin To Net: NetName=VCC Pin=U2_M501-3
Added Pin To Net: NetName=GND Pin=U2_M502-1
Added Pin To Net: NetName=VCC Pin=U2_M502-3
Added Pin To Net: NetName=GND Pin=U2_M503-1
Added Pin To Net: NetName=VCC Pin=U2_M503-3
Added Pin To Net: NetName=GND Pin=U2_M504-1
Added Pin To Net: NetName=VCC Pin=U2_M504-3
Added Pin To Net: NetName=GND Pin=U2_M505-1
Added Pin To Net: NetName=VCC Pin=U2_M505-3
Added Pin To Net: NetName=GND Pin=U2_M506-1
Added Pin To Net: NetName=VCC Pin=U2_M506-3
Added Pin To Net: NetName=NetC1_M501_2 Pin=C1_M501-2
Added Pin To Net: NetName=NetC1_M501_2 Pin=C2_M501-2
Added Pin To Net: NetName=NetC1_M501_2 Pin=R1_M501-2
Added Pin To Net: NetName=NetC1_M501_2 Pin=R5_M501-2
Added Pin To Net: NetName=NetC1_M501_2 Pin=R6_M501-2
Added Pin To Net: NetName=NetC1_M501_2 Pin=U1_M501-5
Added Pin To Net: NetName=NetC1_M501_2 Pin=U1_M501-7
Added Pin To Net: NetName=NetC1_M501_2 Pin=U1_M501-7
Added Pin To Net: NetName=NetC1_M501_2 Pin=U2_M501-5
Added Net: Name=NetC1_M501_2
Added Pin To Net: NetName=NetC1_M502_2 Pin=C1_M502-2
Added Pin To Net: NetName=NetC1_M502_2 Pin=C2_M502-2
Added Pin To Net: NetName=NetC1_M502_2 Pin=R1_M502-2
Added Pin To Net: NetName=NetC1_M502_2 Pin=R5_M502-2
Added Pin To Net: NetName=NetC1_M502_2 Pin=R6_M502-2
Added Pin To Net: NetName=NetC1_M502_2 Pin=U1_M502-5
Added Pin To Net: NetName=NetC1_M502_2 Pin=U1_M502-7
Added Pin To Net: NetName=NetC1_M502_2 Pin=U1_M502-7
Added Pin To Net: NetName=NetC1_M502_2 Pin=U2_M502-5
Added Net: Name=NetC1_M502_2
Added Pin To Net: NetName=NetC1_M503_2 Pin=C1_M503-2
Added Pin To Net: NetName=NetC1_M503_2 Pin=C2_M503-2
Added Pin To Net: NetName=NetC1_M503_2 Pin=R1_M503-2
Added Pin To Net: NetName=NetC1_M503_2 Pin=R5_M503-2
Added Pin To Net: NetName=NetC1_M503_2 Pin=R6_M503-2
Added Pin To Net: NetName=NetC1_M503_2 Pin=U1_M503-5
Added Pin To Net: NetName=NetC1_M503_2 Pin=U1_M503-7
Added Pin To Net: NetName=NetC1_M503_2 Pin=U1_M503-7
Added Pin To Net: NetName=NetC1_M503_2 Pin=U2_M503-5
Added Net: Name=NetC1_M503_2
Added Pin To Net: NetName=NetC1_M504_2 Pin=C1_M504-2
Added Pin To Net: NetName=NetC1_M504_2 Pin=C2_M504-2
Added Pin To Net: NetName=NetC1_M504_2 Pin=R1_M504-2
Added Pin To Net: NetName=NetC1_M504_2 Pin=R5_M504-2
Added Pin To Net: NetName=NetC1_M504_2 Pin=R6_M504-2
Added Pin To Net: NetName=NetC1_M504_2 Pin=U1_M504-5
Added Pin To Net: NetName=NetC1_M504_2 Pin=U1_M504-7
Added Pin To Net: NetName=NetC1_M504_2 Pin=U1_M504-7
Added Pin To Net: NetName=NetC1_M504_2 Pin=U2_M504-5
Added Net: Name=NetC1_M504_2
Added Pin To Net: NetName=NetC1_M505_2 Pin=C1_M505-2
Added Pin To Net: NetName=NetC1_M505_2 Pin=C2_M505-2
Added Pin To Net: NetName=NetC1_M505_2 Pin=R1_M505-2
Added Pin To Net: NetName=NetC1_M505_2 Pin=R5_M505-2
Added Pin To Net: NetName=NetC1_M505_2 Pin=R6_M505-2
Added Pin To Net: NetName=NetC1_M505_2 Pin=U1_M505-5
Added Pin To Net: NetName=NetC1_M505_2 Pin=U1_M505-7
Added Pin To Net: NetName=NetC1_M505_2 Pin=U1_M505-7
Added Pin To Net: NetName=NetC1_M505_2 Pin=U2_M505-5
Added Net: Name=NetC1_M505_2
Added Pin To Net: NetName=NetC1_M506_2 Pin=C1_M506-2
Added Pin To Net: NetName=NetC1_M506_2 Pin=C2_M506-2
Added Pin To Net: NetName=NetC1_M506_2 Pin=R1_M506-2
Added Pin To Net: NetName=NetC1_M506_2 Pin=R5_M506-2
Added Pin To Net: NetName=NetC1_M506_2 Pin=R6_M506-2
Added Pin To Net: NetName=NetC1_M506_2 Pin=U1_M506-5
Added Pin To Net: NetName=NetC1_M506_2 Pin=U1_M506-7
Added Pin To Net: NetName=NetC1_M506_2 Pin=U1_M506-7
Added Pin To Net: NetName=NetC1_M506_2 Pin=U2_M506-5
Added Net: Name=NetC1_M506_2
Added Pin To Net: NetName=NetC3_M501_1 Pin=C3_M501-1
Added Pin To Net: NetName=NetC3_M501_1 Pin=U1_M501-6
Added Pin To Net: NetName=NetC3_M501_1 Pin=U1_M501-6
Added Pin To Net: NetName=NetC3_M501_1 Pin=U1_M501-8
Added Net: Name=NetC3_M501_1
Added Pin To Net: NetName=NetC3_M502_1 Pin=C3_M502-1
Added Pin To Net: NetName=NetC3_M502_1 Pin=U1_M502-6
Added Pin To Net: NetName=NetC3_M502_1 Pin=U1_M502-6
Added Pin To Net: NetName=NetC3_M502_1 Pin=U1_M502-8
Added Net: Name=NetC3_M502_1
Added Pin To Net: NetName=NetC3_M503_1 Pin=C3_M503-1
Added Pin To Net: NetName=NetC3_M503_1 Pin=U1_M503-6
Added Pin To Net: NetName=NetC3_M503_1 Pin=U1_M503-6
Added Pin To Net: NetName=NetC3_M503_1 Pin=U1_M503-8
Added Net: Name=NetC3_M503_1
Added Pin To Net: NetName=NetC3_M504_1 Pin=C3_M504-1
Added Pin To Net: NetName=NetC3_M504_1 Pin=U1_M504-6
Added Pin To Net: NetName=NetC3_M504_1 Pin=U1_M504-6
Added Pin To Net: NetName=NetC3_M504_1 Pin=U1_M504-8
Added Net: Name=NetC3_M504_1
Added Pin To Net: NetName=NetC3_M505_1 Pin=C3_M505-1
Added Pin To Net: NetName=NetC3_M505_1 Pin=U1_M505-6
Added Pin To Net: NetName=NetC3_M505_1 Pin=U1_M505-6
Added Pin To Net: NetName=NetC3_M505_1 Pin=U1_M505-8
Added Net: Name=NetC3_M505_1
Added Pin To Net: NetName=NetC3_M506_1 Pin=C3_M506-1
Added Pin To Net: NetName=NetC3_M506_1 Pin=U1_M506-6
Added Pin To Net: NetName=NetC3_M506_1 Pin=U1_M506-6
Added Pin To Net: NetName=NetC3_M506_1 Pin=U1_M506-8
Added Net: Name=NetC3_M506_1
Added Pin To Net: NetName=NetR1_M501_1 Pin=R1_M501-1
Added Pin To Net: NetName=NetR1_M501_1 Pin=U1_M501-1
Added Net: Name=NetR1_M501_1
Added Pin To Net: NetName=NetR1_M502_1 Pin=R1_M502-1
Added Pin To Net: NetName=NetR1_M502_1 Pin=U1_M502-1
Added Net: Name=NetR1_M502_1
Added Pin To Net: NetName=NetR1_M503_1 Pin=R1_M503-1
Added Pin To Net: NetName=NetR1_M503_1 Pin=U1_M503-1
Added Net: Name=NetR1_M503_1
Added Pin To Net: NetName=NetR1_M504_1 Pin=R1_M504-1
Added Pin To Net: NetName=NetR1_M504_1 Pin=U1_M504-1
Added Net: Name=NetR1_M504_1
Added Pin To Net: NetName=NetR1_M505_1 Pin=R1_M505-1
Added Pin To Net: NetName=NetR1_M505_1 Pin=U1_M505-1
Added Net: Name=NetR1_M505_1
Added Pin To Net: NetName=NetR1_M506_1 Pin=R1_M506-1
Added Pin To Net: NetName=NetR1_M506_1 Pin=U1_M506-1
Added Net: Name=NetR1_M506_1
Added Pin To Net: NetName=NetR2_M501_2 Pin=R2_M501-2
Added Pin To Net: NetName=NetR2_M501_2 Pin=U1_M501-4
Added Net: Name=NetR2_M501_2
Added Pin To Net: NetName=NetR2_M502_2 Pin=R2_M502-2
Added Pin To Net: NetName=NetR2_M502_2 Pin=U1_M502-4
Added Net: Name=NetR2_M502_2
Added Pin To Net: NetName=NetR2_M503_2 Pin=R2_M503-2
Added Pin To Net: NetName=NetR2_M503_2 Pin=U1_M503-4
Added Net: Name=NetR2_M503_2
Added Pin To Net: NetName=NetR2_M504_2 Pin=R2_M504-2
Added Pin To Net: NetName=NetR2_M504_2 Pin=U1_M504-4
Added Net: Name=NetR2_M504_2
Added Pin To Net: NetName=NetR2_M505_2 Pin=R2_M505-2
Added Pin To Net: NetName=NetR2_M505_2 Pin=U1_M505-4
Added Net: Name=NetR2_M505_2
Added Pin To Net: NetName=NetR2_M506_2 Pin=R2_M506-2
Added Pin To Net: NetName=NetR2_M506_2 Pin=U1_M506-4
Added Net: Name=NetR2_M506_2
Added Pin To Net: NetName=NetR3_M501_1 Pin=R3_M501-1
Added Pin To Net: NetName=NetR3_M501_1 Pin=R4_M501-1
Added Pin To Net: NetName=NetR3_M501_1 Pin=U2_M501-4
Added Net: Name=NetR3_M501_1
Added Pin To Net: NetName=NetR3_M502_1 Pin=R3_M502-1
Added Pin To Net: NetName=NetR3_M502_1 Pin=R4_M502-1
Added Pin To Net: NetName=NetR3_M502_1 Pin=U2_M502-4
Added Net: Name=NetR3_M502_1
Added Pin To Net: NetName=NetR3_M503_1 Pin=R3_M503-1
Added Pin To Net: NetName=NetR3_M503_1 Pin=R4_M503-1
Added Pin To Net: NetName=NetR3_M503_1 Pin=U2_M503-4
Added Net: Name=NetR3_M503_1
Added Pin To Net: NetName=NetR3_M504_1 Pin=R3_M504-1
Added Pin To Net: NetName=NetR3_M504_1 Pin=R4_M504-1
Added Pin To Net: NetName=NetR3_M504_1 Pin=U2_M504-4
Added Net: Name=NetR3_M504_1
Added Pin To Net: NetName=NetR3_M505_1 Pin=R3_M505-1
Added Pin To Net: NetName=NetR3_M505_1 Pin=R4_M505-1
Added Pin To Net: NetName=NetR3_M505_1 Pin=U2_M505-4
Added Net: Name=NetR3_M505_1
Added Pin To Net: NetName=NetR3_M506_1 Pin=R3_M506-1
Added Pin To Net: NetName=NetR3_M506_1 Pin=R4_M506-1
Added Pin To Net: NetName=NetR3_M506_1 Pin=U2_M506-4
Added Net: Name=NetR3_M506_1
Added Pin To Net: NetName=NetU1_M501_2 Pin=U1_M501-2
Added Pin To Net: NetName=NetU1_M501_2 Pin=U1_M501-2
Added Net: Name=NetU1_M501_2
Added Pin To Net: NetName=NetU1_M502_2 Pin=U1_M502-2
Added Pin To Net: NetName=NetU1_M502_2 Pin=U1_M502-2
Added Net: Name=NetU1_M502_2
Added Pin To Net: NetName=NetU1_M503_2 Pin=U1_M503-2
Added Pin To Net: NetName=NetU1_M503_2 Pin=U1_M503-2
Added Net: Name=NetU1_M503_2
Added Pin To Net: NetName=NetU1_M504_2 Pin=U1_M504-2
Added Pin To Net: NetName=NetU1_M504_2 Pin=U1_M504-2
Added Net: Name=NetU1_M504_2
Added Pin To Net: NetName=NetU1_M505_2 Pin=U1_M505-2
Added Pin To Net: NetName=NetU1_M505_2 Pin=U1_M505-2
Added Net: Name=NetU1_M505_2
Added Pin To Net: NetName=NetU1_M506_2 Pin=U1_M506-2
Added Pin To Net: NetName=NetU1_M506_2 Pin=U1_M506-2
Added Net: Name=NetU1_M506_2
Added Pin To Net: NetName=NetU2_M501_2 Pin=U2_M501-2
Added Net: Name=NetU2_M501_2
Added Pin To Net: NetName=NetU2_M502_2 Pin=U2_M502-2
Added Net: Name=NetU2_M502_2
Added Pin To Net: NetName=NetU2_M503_2 Pin=U2_M503-2
Added Net: Name=NetU2_M503_2
Added Pin To Net: NetName=NetU2_M504_2 Pin=U2_M504-2
Added Net: Name=NetU2_M504_2
Added Pin To Net: NetName=NetU2_M505_2 Pin=U2_M505-2
Added Net: Name=NetU2_M505_2
Added Pin To Net: NetName=NetU2_M506_2 Pin=U2_M506-2
Added Net: Name=NetU2_M506_2
Added Class: Name=M501
Added Class: Name=M502
Added Class: Name=M503
Added Class: Name=M504
Added Class: Name=M505
Added Class: Name=M506
Added Class: Name=mic2043
Added Room: Name=M501
Added Room: Name=M502
Added Room: Name=M503
Added Room: Name=M504
Added Room: Name=M505
Added Room: Name=M506
