Added Component: Designator=BAT100(DUAL-18650)
Added Component: Designator=C1_B1(CAPC2012M)
Added Component: Designator=C1_B2(CAPC2012M)
Added Component: Designator=C1_B3(CAPC2012M)
Added Component: Designator=C1_B33(594D107X9016D2T)
Added Component: Designator=C1_B50(594D107X9016D2T)
Added Component: Designator=C2_B1(594D107X9016D2T)
Added Component: Designator=C2_B2(594D107X9016D2T)
Added Component: Designator=C2_B3(594D107X9016D2T)
Added Component: Designator=C2_B33(CAPC2512M)
Added Component: Designator=C2_B50(CAPC2512M)
Added Component: Designator=C3_B1(CAPC1608M)
Added Component: Designator=C3_B2(CAPC1608M)
Added Component: Designator=C3_B3(CAPC1608M)
Added Component: Designator=C3_B33(CAPC1608M)
Added Component: Designator=C3_B50(CAPC1608M)
Added Component: Designator=C4_B1(CAPC1608M)
Added Component: Designator=C4_B2(CAPC1608M)
Added Component: Designator=C4_B3(CAPC1608M)
Added Component: Designator=C4_B33(CAPC1608M)
Added Component: Designator=C4_B50(CAPC1608M)
Added Component: Designator=C5_B33(594D107X9016D2T)
Added Component: Designator=C5_B50(594D107X9016D2T)
Added Component: Designator=C100(594D107X9016D2T)
Added Component: Designator=C101(594D107X9016D2T)
Added Component: Designator=C200(CAPC1608M)
Added Component: Designator=C201(CAPC1608M)
Added Component: Designator=C202(CAPC1608M)
Added Component: Designator=C400(CAPC1608M)
Added Component: Designator=D1_B1(SS10p4)
Added Component: Designator=D1_B2(SS10p4)
Added Component: Designator=D1_B3(SS10p4)
Added Component: Designator=D1_B33(SS10p4)
Added Component: Designator=D1_B50(SS10p4)
Added Component: Designator=L1_B1(10x10)
Added Component: Designator=L1_B2(10x10)
Added Component: Designator=L1_B3(10x10)
Added Component: Designator=L1_B33(10x10)
Added Component: Designator=L1_B50(10x10)
Added Component: Designator=P100(Picoblade 4 pin)
Added Component: Designator=P101(Picoblade 4 pin)
Added Component: Designator=P102(Picoblade 4 pin)
Added Component: Designator=P103(Picoblade 4 pin)
Added Component: Designator=P104(Picoblade 4 pin)
Added Component: Designator=P105(Picoblade 4 pin)
Added Component: Designator=P106(HDR2X2H)
Added Component: Designator=P400(Picoblade 4 pin)
Added Component: Designator=Q1_B1(sot-23)
Added Component: Designator=Q1_B2(sot-23)
Added Component: Designator=Q1_B3(sot-23)
Added Component: Designator=Q2_B1(SuperSOT-6)
Added Component: Designator=Q2_B2(SuperSOT-6)
Added Component: Designator=Q2_B3(SuperSOT-6)
Added Component: Designator=Q200(sot-23)
Added Component: Designator=Q201(sot-23)
Added Component: Designator=Q400(SOT95P240-3N)
Added Component: Designator=Q401(sot23)
Added Component: Designator=Q402(sot23)
Added Component: Designator=Q403(SOT223-4N)
Added Component: Designator=Q404(sot23)
Added Component: Designator=Q405(SOT223-4N)
Added Component: Designator=R1_B1(RESC1608M)
Added Component: Designator=R1_B2(RESC1608M)
Added Component: Designator=R1_B3(RESC1608M)
Added Component: Designator=R1_B33(RESC1608M)
Added Component: Designator=R1_B50(RESC1608M)
Added Component: Designator=R2_B1(RESC1608M)
Added Component: Designator=R2_B2(RESC1608M)
Added Component: Designator=R2_B3(RESC1608M)
Added Component: Designator=R2_B33(RESC1608M)
Added Component: Designator=R2_B50(RESC1608M)
Added Component: Designator=R3_B1(RESC1608M)
Added Component: Designator=R3_B2(RESC1608M)
Added Component: Designator=R3_B3(RESC1608M)
Added Component: Designator=R3_B33(RESC1608M)
Added Component: Designator=R3_B50(RESC1608M)
Added Component: Designator=R4_B1(RESC1608M)
Added Component: Designator=R4_B2(RESC1608M)
Added Component: Designator=R4_B3(RESC1608M)
Added Component: Designator=R5_B1(RESC1608M)
Added Component: Designator=R5_B2(RESC1608M)
Added Component: Designator=R5_B3(RESC1608M)
Added Component: Designator=R100(Footprint 1812)
Added Component: Designator=R101(Footprint 1812)
Added Component: Designator=R107_B1(Footprint 1812)
Added Component: Designator=R107_B2(Footprint 1812)
Added Component: Designator=R107_B3(Footprint 1812)
Added Component: Designator=R200(RESC1608M)
Added Component: Designator=R201(RESC1608M)
Added Component: Designator=R202(RESC1608M)
Added Component: Designator=R203(RESC1608M)
Added Component: Designator=R204(RESC1608M)
Added Component: Designator=R205(RESC1608M)
Added Component: Designator=R206(RESC1608M)
Added Component: Designator=R207(RESC1608M)
Added Component: Designator=R208(RESC1608M)
Added Component: Designator=R209(RESC1608M)
Added Component: Designator=R210(RESC1608M)
Added Component: Designator=R400(RESC1608M)
Added Component: Designator=R401(RESC1608M)
Added Component: Designator=R402(RESC1608M)
Added Component: Designator=R403(RESC1608M)
Added Component: Designator=R404(RESC1608M)
Added Component: Designator=R405(RESC1608M)
Added Component: Designator=R406(RESC1608M)
Added Component: Designator=R407(RESC1608M)
Added Component: Designator=R408(RESC1608M)
Added Component: Designator=R409(RESC1608M)
Added Component: Designator=R410(RESC1608M)
Added Component: Designator=R411(RESC1608M)
Added Component: Designator=U1_B1(MF05A_N)
Added Component: Designator=U1_B2(MF05A_N)
Added Component: Designator=U1_B3(MF05A_N)
Added Component: Designator=U1_B33(LM22679)
Added Component: Designator=U1_B50(LM22679)
Added Component: Designator=U2_B1(SOT23-5_L)
Added Component: Designator=U2_B2(SOT23-5_L)
Added Component: Designator=U2_B3(SOT23-5_L)
Added Component: Designator=U100(SOT23-5_L)
Added Component: Designator=U101(SOT23-5_L)
Added Component: Designator=U200(MF05A_N)
Added Component: Designator=U201(MF05A_N)
Added Pin To Net: NetName=GND Pin=BAT100-4
Added Pin To Net: NetName=GND Pin=C1_B1-1
Added Pin To Net: NetName=NetC1_B1_2 Pin=C1_B1-2
Added Pin To Net: NetName=GND Pin=C1_B2-1
Added Pin To Net: NetName=NetC1_B2_2 Pin=C1_B2-2
Added Pin To Net: NetName=GND Pin=C1_B3-1
Added Pin To Net: NetName=NetC1_B3_2 Pin=C1_B3-2
Added Pin To Net: NetName=GND Pin=C1_B33-2
Added Pin To Net: NetName=GND Pin=C1_B50-2
Added Pin To Net: NetName=NetC2_B1_1 Pin=C2_B1-1
Added Pin To Net: NetName=GND Pin=C2_B1-2
Added Pin To Net: NetName=NetC2_B2_1 Pin=C2_B2-1
Added Pin To Net: NetName=GND Pin=C2_B2-2
Added Pin To Net: NetName=NetC2_B3_1 Pin=C2_B3-1
Added Pin To Net: NetName=GND Pin=C2_B3-2
Added Pin To Net: NetName=GND Pin=C2_B33-1
Added Pin To Net: NetName=GND Pin=C2_B50-1
Added Pin To Net: NetName=GND Pin=C3_B1-1
Added Pin To Net: NetName=NetC3_B1_2 Pin=C3_B1-2
Added Pin To Net: NetName=GND Pin=C3_B2-1
Added Pin To Net: NetName=NetC3_B2_2 Pin=C3_B2-2
Added Pin To Net: NetName=GND Pin=C3_B3-1
Added Pin To Net: NetName=NetC3_B3_2 Pin=C3_B3-2
Added Pin To Net: NetName=GND Pin=C3_B33-1
Added Pin To Net: NetName=GND Pin=C3_B50-1
Added Pin To Net: NetName=NetC3_B1_2 Pin=C4_B1-1
Added Pin To Net: NetName=NetC4_B1_2 Pin=C4_B1-2
Added Pin To Net: NetName=NetC3_B2_2 Pin=C4_B2-1
Added Pin To Net: NetName=NetC4_B2_2 Pin=C4_B2-2
Added Pin To Net: NetName=NetC3_B3_2 Pin=C4_B3-1
Added Pin To Net: NetName=NetC4_B3_2 Pin=C4_B3-2
Added Pin To Net: NetName=GND Pin=C5_B33-2
Added Pin To Net: NetName=GND Pin=C5_B50-2
Added Pin To Net: NetName=NetC100_1 Pin=C100-1
Added Pin To Net: NetName=GND Pin=C100-2
Added Pin To Net: NetName=NetC100_1 Pin=C101-1
Added Pin To Net: NetName=GND Pin=C101-2
Added Pin To Net: NetName=GND Pin=C200-2
Added Pin To Net: NetName=GND Pin=C201-2
Added Pin To Net: NetName=GND Pin=C400-2
Added Pin To Net: NetName=NetD1_B1_1 Pin=D1_B1-1
Added Pin To Net: NetName=NetC100_1 Pin=D1_B1-2
Added Pin To Net: NetName=NetD1_B2_1 Pin=D1_B2-1
Added Pin To Net: NetName=NetC100_1 Pin=D1_B2-2
Added Pin To Net: NetName=NetD1_B3_1 Pin=D1_B3-1
Added Pin To Net: NetName=NetC100_1 Pin=D1_B3-2
Added Pin To Net: NetName=GND Pin=D1_B33-1
Added Pin To Net: NetName=GND Pin=D1_B50-1
Added Pin To Net: NetName=NetC2_B1_1 Pin=L1_B1-1
Added Pin To Net: NetName=NetD1_B1_1 Pin=L1_B1-2
Added Pin To Net: NetName=NetC2_B2_1 Pin=L1_B2-1
Added Pin To Net: NetName=NetD1_B2_1 Pin=L1_B2-2
Added Pin To Net: NetName=NetC2_B3_1 Pin=L1_B3-1
Added Pin To Net: NetName=NetD1_B3_1 Pin=L1_B3-2
Added Pin To Net: NetName=GND Pin=P100-1
Added Pin To Net: NetName=GND Pin=P100-2
Added Pin To Net: NetName=GND Pin=P101-1
Added Pin To Net: NetName=GND Pin=P101-2
Added Pin To Net: NetName=GND Pin=P102-1
Added Pin To Net: NetName=GND Pin=P102-2
Added Pin To Net: NetName=GND Pin=P103-1
Added Pin To Net: NetName=GND Pin=P103-2
Added Pin To Net: NetName=GND Pin=P104-1
Added Pin To Net: NetName=GND Pin=P104-2
Added Pin To Net: NetName=GND Pin=P105-1
Added Pin To Net: NetName=GND Pin=P105-2
Added Pin To Net: NetName=VBAT Pin=P106-2
Added Pin To Net: NetName=VBAT Pin=P106-4
Added Pin To Net: NetName=GND Pin=P400-1
Added Pin To Net: NetName=NetC1_B1_2 Pin=Q1_B1-1
Added Pin To Net: NetName=GND Pin=Q1_B1-3
Added Pin To Net: NetName=NetC1_B2_2 Pin=Q1_B2-1
Added Pin To Net: NetName=GND Pin=Q1_B2-3
Added Pin To Net: NetName=NetC1_B3_2 Pin=Q1_B3-1
Added Pin To Net: NetName=GND Pin=Q1_B3-3
Added Pin To Net: NetName=NetD1_B1_1 Pin=Q2_B1-1
Added Pin To Net: NetName=NetD1_B1_1 Pin=Q2_B1-2
Added Pin To Net: NetName=NetC4_B1_2 Pin=Q2_B1-3
Added Pin To Net: NetName=GND Pin=Q2_B1-4
Added Pin To Net: NetName=NetD1_B1_1 Pin=Q2_B1-5
Added Pin To Net: NetName=NetD1_B1_1 Pin=Q2_B1-6
Added Pin To Net: NetName=NetD1_B2_1 Pin=Q2_B2-1
Added Pin To Net: NetName=NetD1_B2_1 Pin=Q2_B2-2
Added Pin To Net: NetName=NetC4_B2_2 Pin=Q2_B2-3
Added Pin To Net: NetName=GND Pin=Q2_B2-4
Added Pin To Net: NetName=NetD1_B2_1 Pin=Q2_B2-5
Added Pin To Net: NetName=NetD1_B2_1 Pin=Q2_B2-6
Added Pin To Net: NetName=NetD1_B3_1 Pin=Q2_B3-1
Added Pin To Net: NetName=NetD1_B3_1 Pin=Q2_B3-2
Added Pin To Net: NetName=NetC4_B3_2 Pin=Q2_B3-3
Added Pin To Net: NetName=GND Pin=Q2_B3-4
Added Pin To Net: NetName=NetD1_B3_1 Pin=Q2_B3-5
Added Pin To Net: NetName=NetD1_B3_1 Pin=Q2_B3-6
Added Pin To Net: NetName=VBOOST Pin=Q200-2
Added Pin To Net: NetName=GND Pin=Q200-3
Added Pin To Net: NetName=VBAT Pin=Q201-3
Added Pin To Net: NetName=GND Pin=Q401-3
Added Pin To Net: NetName=NetC1_B1_2 Pin=R1_B1-1
Added Pin To Net: NetName=VBOOST Pin=R1_B1-2
Added Pin To Net: NetName=NetC1_B2_2 Pin=R1_B2-1
Added Pin To Net: NetName=VBOOST Pin=R1_B2-2
Added Pin To Net: NetName=NetC1_B3_2 Pin=R1_B3-1
Added Pin To Net: NetName=VBOOST Pin=R1_B3-2
Added Pin To Net: NetName=GND Pin=R1_B33-2
Added Pin To Net: NetName=GND Pin=R1_B50-2
Added Pin To Net: NetName=GND Pin=R2_B1-1
Added Pin To Net: NetName=NetC1_B1_2 Pin=R2_B1-2
Added Pin To Net: NetName=GND Pin=R2_B2-1
Added Pin To Net: NetName=NetC1_B2_2 Pin=R2_B2-2
Added Pin To Net: NetName=GND Pin=R2_B3-1
Added Pin To Net: NetName=NetC1_B3_2 Pin=R2_B3-2
Added Pin To Net: NetName=GND Pin=R2_B33-2
Added Pin To Net: NetName=GND Pin=R2_B50-2
Added Pin To Net: NetName=NetC3_B1_2 Pin=R3_B1-1
Added Pin To Net: NetName=NetC2_B1_1 Pin=R3_B1-2
Added Pin To Net: NetName=NetC3_B2_2 Pin=R3_B2-1
Added Pin To Net: NetName=NetC2_B2_1 Pin=R3_B2-2
Added Pin To Net: NetName=NetC3_B3_2 Pin=R3_B3-1
Added Pin To Net: NetName=NetC2_B3_1 Pin=R3_B3-2
Added Pin To Net: NetName=GND Pin=R4_B1-1
Added Pin To Net: NetName=NetC3_B1_2 Pin=R4_B1-2
Added Pin To Net: NetName=GND Pin=R4_B2-1
Added Pin To Net: NetName=NetC3_B2_2 Pin=R4_B2-2
Added Pin To Net: NetName=GND Pin=R4_B3-1
Added Pin To Net: NetName=NetC3_B3_2 Pin=R4_B3-2
Added Pin To Net: NetName=NetC3_B1_2 Pin=R5_B1-1
Added Pin To Net: NetName=NetC4_B1_2 Pin=R5_B1-2
Added Pin To Net: NetName=NetC3_B2_2 Pin=R5_B2-1
Added Pin To Net: NetName=NetC4_B2_2 Pin=R5_B2-2
Added Pin To Net: NetName=NetC3_B3_2 Pin=R5_B3-1
Added Pin To Net: NetName=NetC4_B3_2 Pin=R5_B3-2
Added Pin To Net: NetName=NetC100_1 Pin=R100-1
Added Pin To Net: NetName=VBAT Pin=R100-2
Added Pin To Net: NetName=VBAT Pin=R101-1
Added Pin To Net: NetName=NetC2_B1_1 Pin=R107_B1-2
Added Pin To Net: NetName=NetC2_B2_1 Pin=R107_B2-2
Added Pin To Net: NetName=NetC2_B3_1 Pin=R107_B3-2
Added Pin To Net: NetName=VBOOST Pin=R202-1
Added Pin To Net: NetName=GND Pin=R202-2
Added Pin To Net: NetName=VBAT Pin=R203-2
Added Pin To Net: NetName=VBOOST Pin=R204-2
Added Pin To Net: NetName=GND Pin=R205-1
Added Pin To Net: NetName=GND Pin=R207-1
Added Pin To Net: NetName=GND Pin=R209-2
Added Pin To Net: NetName=GND Pin=R400-1
Added Pin To Net: NetName=GND Pin=R404-1
Added Pin To Net: NetName=NetC4_B1_2 Pin=U1_B1-1
Added Pin To Net: NetName=GND Pin=U1_B1-2
Added Pin To Net: NetName=NetC3_B1_2 Pin=U1_B1-3
Added Pin To Net: NetName=NetC1_B1_2 Pin=U1_B1-4
Added Pin To Net: NetName=VBOOST Pin=U1_B1-5
Added Pin To Net: NetName=NetC4_B2_2 Pin=U1_B2-1
Added Pin To Net: NetName=GND Pin=U1_B2-2
Added Pin To Net: NetName=NetC3_B2_2 Pin=U1_B2-3
Added Pin To Net: NetName=NetC1_B2_2 Pin=U1_B2-4
Added Pin To Net: NetName=VBOOST Pin=U1_B2-5
Added Pin To Net: NetName=NetC4_B3_2 Pin=U1_B3-1
Added Pin To Net: NetName=GND Pin=U1_B3-2
Added Pin To Net: NetName=NetC3_B3_2 Pin=U1_B3-3
Added Pin To Net: NetName=NetC1_B3_2 Pin=U1_B3-4
Added Pin To Net: NetName=VBOOST Pin=U1_B3-5
Added Pin To Net: NetName=GND Pin=U1_B33-4
Added Pin To Net: NetName=GND Pin=U1_B33-8
Added Pin To Net: NetName=GND Pin=U1_B50-4
Added Pin To Net: NetName=GND Pin=U1_B50-8
Added Pin To Net: NetName=GND Pin=U2_B1-1
Added Pin To Net: NetName=NetU2_B1_2 Pin=U2_B1-2
Added Pin To Net: NetName=VBOOST Pin=U2_B1-3
Added Pin To Net: NetName=NetC2_B1_1 Pin=U2_B1-5
Added Pin To Net: NetName=GND Pin=U2_B2-1
Added Pin To Net: NetName=NetU2_B2_2 Pin=U2_B2-2
Added Pin To Net: NetName=VBOOST Pin=U2_B2-3
Added Pin To Net: NetName=NetC2_B2_1 Pin=U2_B2-5
Added Pin To Net: NetName=GND Pin=U2_B3-1
Added Pin To Net: NetName=NetU2_B3_2 Pin=U2_B3-2
Added Pin To Net: NetName=VBOOST Pin=U2_B3-3
Added Pin To Net: NetName=NetC2_B3_1 Pin=U2_B3-5
Added Pin To Net: NetName=GND Pin=U100-1
Added Pin To Net: NetName=VCC Pin=U100-3
Added Pin To Net: NetName=NetC100_1 Pin=U100-4
Added Pin To Net: NetName=VBAT Pin=U100-5
Added Pin To Net: NetName=GND Pin=U101-1
Added Pin To Net: NetName=NetU101_2 Pin=U101-2
Added Pin To Net: NetName=VCC Pin=U101-3
Added Pin To Net: NetName=VBAT Pin=U101-4
Added Pin To Net: NetName=GND Pin=U200-2
Added Pin To Net: NetName=VBOOST Pin=U200-5
Added Pin To Net: NetName=GND Pin=U201-2
Added Pin To Net: NetName=VBOOST Pin=U201-5
Added Pin To Net: NetName=KS_RESET Pin=P400-4
Added Pin To Net: NetName=KS_RESET Pin=R402-1
Added Net: Name=KS_RESET
Added Pin To Net: NetName=KS Pin=P400-3
Added Pin To Net: NetName=KS Pin=Q402-3
Added Net: Name=KS
Added Pin To Net: NetName=NetBAT100_1 Pin=BAT100-1
Added Pin To Net: NetName=NetBAT100_1 Pin=P106-1
Added Pin To Net: NetName=NetBAT100_1 Pin=P106-3
Added Net: Name=NetBAT100_1
Added Pin To Net: NetName=NetBAT100_2 Pin=BAT100-2
Added Pin To Net: NetName=NetBAT100_2 Pin=BAT100-3
Added Net: Name=NetBAT100_2
Added Pin To Net: NetName=NetC1_B33_1 Pin=C1_B33-1
Added Pin To Net: NetName=NetC1_B33_1 Pin=C1_B50-1
Added Pin To Net: NetName=NetC1_B33_1 Pin=C2_B33-2
Added Pin To Net: NetName=NetC1_B33_1 Pin=C2_B50-2
Added Pin To Net: NetName=NetC1_B33_1 Pin=Q403-2
Added Pin To Net: NetName=NetC1_B33_1 Pin=Q403-4
Added Pin To Net: NetName=NetC1_B33_1 Pin=Q405-2
Added Pin To Net: NetName=NetC1_B33_1 Pin=Q405-4
Added Pin To Net: NetName=NetC1_B33_1 Pin=U1_B33-2
Added Pin To Net: NetName=NetC1_B33_1 Pin=U1_B50-2
Added Net: Name=NetC1_B33_1
Added Pin To Net: NetName=NetC3_B33_2 Pin=C3_B33-2
Added Pin To Net: NetName=NetC3_B33_2 Pin=U1_B33-7
Added Net: Name=NetC3_B33_2
Added Pin To Net: NetName=NetC3_B50_2 Pin=C3_B50-2
Added Pin To Net: NetName=NetC3_B50_2 Pin=U1_B50-7
Added Net: Name=NetC3_B50_2
Added Pin To Net: NetName=NetC4_B33_1 Pin=C4_B33-1
Added Pin To Net: NetName=NetC4_B33_1 Pin=U1_B33-3
Added Net: Name=NetC4_B33_1
Added Pin To Net: NetName=NetC4_B33_2 Pin=C4_B33-2
Added Pin To Net: NetName=NetC4_B33_2 Pin=D1_B33-2
Added Pin To Net: NetName=NetC4_B33_2 Pin=L1_B33-1
Added Pin To Net: NetName=NetC4_B33_2 Pin=U1_B33-1
Added Net: Name=NetC4_B33_2
Added Pin To Net: NetName=NetC4_B50_1 Pin=C4_B50-1
Added Pin To Net: NetName=NetC4_B50_1 Pin=U1_B50-3
Added Net: Name=NetC4_B50_1
Added Pin To Net: NetName=NetC4_B50_2 Pin=C4_B50-2
Added Pin To Net: NetName=NetC4_B50_2 Pin=D1_B50-2
Added Pin To Net: NetName=NetC4_B50_2 Pin=L1_B50-1
Added Pin To Net: NetName=NetC4_B50_2 Pin=U1_B50-1
Added Net: Name=NetC4_B50_2
Added Pin To Net: NetName=NetC200_1 Pin=C200-1
Added Pin To Net: NetName=NetC200_1 Pin=Q1_B1-2
Added Pin To Net: NetName=NetC200_1 Pin=Q1_B2-2
Added Pin To Net: NetName=NetC200_1 Pin=Q1_B3-2
Added Pin To Net: NetName=NetC200_1 Pin=R200-2
Added Net: Name=NetC200_1
Added Pin To Net: NetName=NetC201_1 Pin=C201-1
Added Pin To Net: NetName=NetC201_1 Pin=C202-2
Added Pin To Net: NetName=NetC201_1 Pin=R208-1
Added Pin To Net: NetName=NetC201_1 Pin=R209-1
Added Pin To Net: NetName=NetC201_1 Pin=R210-2
Added Pin To Net: NetName=NetC201_1 Pin=U201-3
Added Net: Name=NetC201_1
Added Pin To Net: NetName=NetC202_1 Pin=C202-1
Added Pin To Net: NetName=NetC202_1 Pin=R210-1
Added Pin To Net: NetName=NetC202_1 Pin=R411-1
Added Pin To Net: NetName=NetC202_1 Pin=U201-1
Added Net: Name=NetC202_1
Added Pin To Net: NetName=NetC400_1 Pin=C400-1
Added Pin To Net: NetName=NetC400_1 Pin=Q401-2
Added Pin To Net: NetName=NetC400_1 Pin=R401-1
Added Pin To Net: NetName=NetC400_1 Pin=R402-2
Added Pin To Net: NetName=NetC400_1 Pin=R404-2
Added Net: Name=NetC400_1
Added Pin To Net: NetName=NetP100_3 Pin=P100-3
Added Pin To Net: NetName=NetP100_3 Pin=P100-4
Added Pin To Net: NetName=NetP100_3 Pin=P103-3
Added Pin To Net: NetName=NetP100_3 Pin=P103-4
Added Pin To Net: NetName=NetP100_3 Pin=R107_B1-1
Added Pin To Net: NetName=NetP100_3 Pin=U2_B1-4
Added Net: Name=NetP100_3
Added Pin To Net: NetName=NetP101_3 Pin=P101-3
Added Pin To Net: NetName=NetP101_3 Pin=P101-4
Added Pin To Net: NetName=NetP101_3 Pin=P104-3
Added Pin To Net: NetName=NetP101_3 Pin=P104-4
Added Pin To Net: NetName=NetP101_3 Pin=R107_B2-1
Added Pin To Net: NetName=NetP101_3 Pin=U2_B2-4
Added Net: Name=NetP101_3
Added Pin To Net: NetName=NetP102_3 Pin=P102-3
Added Pin To Net: NetName=NetP102_3 Pin=P102-4
Added Pin To Net: NetName=NetP102_3 Pin=P105-3
Added Pin To Net: NetName=NetP102_3 Pin=P105-4
Added Pin To Net: NetName=NetP102_3 Pin=R107_B3-1
Added Pin To Net: NetName=NetP102_3 Pin=U2_B3-4
Added Net: Name=NetP102_3
Added Pin To Net: NetName=NetQ200_1 Pin=Q200-1
Added Pin To Net: NetName=NetQ200_1 Pin=Q201-2
Added Pin To Net: NetName=NetQ200_1 Pin=R203-1
Added Net: Name=NetQ200_1
Added Pin To Net: NetName=NetQ201_1 Pin=Q201-1
Added Pin To Net: NetName=NetQ201_1 Pin=R206-2
Added Pin To Net: NetName=NetQ201_1 Pin=R208-2
Added Net: Name=NetQ201_1
Added Pin To Net: NetName=NetQ400_1 Pin=Q400-1
Added Pin To Net: NetName=NetQ400_1 Pin=R400-2
Added Pin To Net: NetName=NetQ400_1 Pin=R401-2
Added Net: Name=NetQ400_1
Added Pin To Net: NetName=NetQ400_2 Pin=Q400-2
Added Pin To Net: NetName=NetQ400_2 Pin=R403-1
Added Pin To Net: NetName=NetQ400_2 Pin=R405-2
Added Pin To Net: NetName=NetQ400_2 Pin=R406-2
Added Net: Name=NetQ400_2
Added Pin To Net: NetName=NetQ400_3 Pin=Q400-3
Added Pin To Net: NetName=NetQ400_3 Pin=Q403-3
Added Pin To Net: NetName=NetQ400_3 Pin=Q405-3
Added Pin To Net: NetName=NetQ400_3 Pin=R101-2
Added Pin To Net: NetName=NetQ400_3 Pin=R403-2
Added Pin To Net: NetName=NetQ400_3 Pin=R407-2
Added Pin To Net: NetName=NetQ400_3 Pin=R409-2
Added Pin To Net: NetName=NetQ400_3 Pin=U101-5
Added Net: Name=NetQ400_3
Added Pin To Net: NetName=NetQ401_1 Pin=Q401-1
Added Pin To Net: NetName=NetQ401_1 Pin=Q404-3
Added Pin To Net: NetName=NetQ401_1 Pin=R405-1
Added Pin To Net: NetName=NetQ401_1 Pin=R408-1
Added Net: Name=NetQ401_1
Added Pin To Net: NetName=NetQ402_1 Pin=Q402-1
Added Pin To Net: NetName=NetQ402_1 Pin=R406-1
Added Pin To Net: NetName=NetQ402_1 Pin=R408-2
Added Net: Name=NetQ402_1
Added Pin To Net: NetName=NetQ403_1 Pin=Q403-1
Added Pin To Net: NetName=NetQ403_1 Pin=Q405-1
Added Pin To Net: NetName=NetQ403_1 Pin=R409-1
Added Pin To Net: NetName=NetQ403_1 Pin=R410-2
Added Net: Name=NetQ403_1
Added Pin To Net: NetName=NetQ404_1 Pin=Q404-1
Added Pin To Net: NetName=NetQ404_1 Pin=R410-1
Added Net: Name=NetQ404_1
Added Pin To Net: NetName=NetQ404_2 Pin=Q404-2
Added Pin To Net: NetName=NetQ404_2 Pin=R411-2
Added Net: Name=NetQ404_2
Added Pin To Net: NetName=NetR1_B33_1 Pin=R1_B33-1
Added Pin To Net: NetName=NetR1_B33_1 Pin=U1_B33-5
Added Net: Name=NetR1_B33_1
Added Pin To Net: NetName=NetR1_B50_1 Pin=R1_B50-1
Added Pin To Net: NetName=NetR1_B50_1 Pin=U1_B50-5
Added Net: Name=NetR1_B50_1
Added Pin To Net: NetName=NetR2_B33_1 Pin=R2_B33-1
Added Pin To Net: NetName=NetR2_B33_1 Pin=R3_B33-2
Added Pin To Net: NetName=NetR2_B33_1 Pin=U1_B33-6
Added Net: Name=NetR2_B33_1
Added Pin To Net: NetName=NetR2_B50_1 Pin=R2_B50-1
Added Pin To Net: NetName=NetR2_B50_1 Pin=R3_B50-2
Added Pin To Net: NetName=NetR2_B50_1 Pin=U1_B50-6
Added Net: Name=NetR2_B50_1
Added Pin To Net: NetName=NetR200_1 Pin=R200-1
Added Pin To Net: NetName=NetR200_1 Pin=R201-2
Added Pin To Net: NetName=NetR200_1 Pin=U200-1
Added Net: Name=NetR200_1
Added Pin To Net: NetName=NetR201_1 Pin=R201-1
Added Pin To Net: NetName=NetR201_1 Pin=R206-1
Added Pin To Net: NetName=NetR201_1 Pin=R207-2
Added Pin To Net: NetName=NetR201_1 Pin=U200-3
Added Net: Name=NetR201_1
Added Pin To Net: NetName=NetR204_1 Pin=R204-1
Added Pin To Net: NetName=NetR204_1 Pin=R205-2
Added Pin To Net: NetName=NetR204_1 Pin=U200-4
Added Pin To Net: NetName=NetR204_1 Pin=U201-4
Added Net: Name=NetR204_1
Added Pin To Net: NetName=NetU100_2 Pin=U100-2
Added Net: Name=NetU100_2
Added Pin To Net: NetName=RBF Pin=P400-2
Added Pin To Net: NetName=RBF Pin=Q402-2
Added Pin To Net: NetName=RBF Pin=R407-1
Added Net: Name=RBF
Added Pin To Net: NetName=VCC_3.3 Pin=C5_B33-1
Added Pin To Net: NetName=VCC_3.3 Pin=L1_B33-2
Added Pin To Net: NetName=VCC_3.3 Pin=R3_B33-1
Added Net: Name=VCC_3.3
Added Pin To Net: NetName=VCC_5.0 Pin=C5_B50-1
Added Pin To Net: NetName=VCC_5.0 Pin=L1_B50-2
Added Pin To Net: NetName=VCC_5.0 Pin=R3_B50-1
Added Net: Name=VCC_5.0
Added Class: Name=B4
Added Class: Name=B33
Added Class: Name=B50
Added Class: Name=Designator
Added Class: Name=lm22679
Added Member To Class: ClassName=boost_converters Member=Component BAT100 BP2
Added Member To Class: ClassName=B1 Member=Component C1_B1 (C1) 220nF
Added Member To Class: ClassName=B2 Member=Component C1_B2 (C1) 220nF
Added Member To Class: ClassName=B3 Member=Component C1_B3 (C1) 220nF
Added Member To Class: ClassName=B1 Member=Component C2_B1 (C2) 220uF
Added Member To Class: ClassName=B2 Member=Component C2_B2 (C2) 220uF
Added Member To Class: ClassName=B3 Member=Component C2_B3 (C2) 220uF
Added Member To Class: ClassName=B1 Member=Component C3_B1 (C3) 47pF
Added Member To Class: ClassName=B2 Member=Component C3_B2 (C3) 47pF
Added Member To Class: ClassName=B3 Member=Component C3_B3 (C3) 47pF
Added Member To Class: ClassName=B1 Member=Component C4_B1 (C4) 47pF
Added Member To Class: ClassName=B2 Member=Component C4_B2 (C4) 47pF
Added Member To Class: ClassName=B3 Member=Component C4_B3 (C4) 47pF
Added Member To Class: ClassName=boost_converters Member=Component C100 220uF
Added Member To Class: ClassName=boost_converters Member=Component C101 220uF
Added Member To Class: ClassName=B1 Member=Component D1_B1 (D1) SS10P4
Added Member To Class: ClassName=B2 Member=Component D1_B2 (D1) SS10P4
Added Member To Class: ClassName=B3 Member=Component D1_B3 (D1) SS10P4
Added Member To Class: ClassName=B1 Member=Component L1_B1 (L1) 22uH
Added Member To Class: ClassName=B2 Member=Component L1_B2 (L1) 22uH
Added Member To Class: ClassName=B3 Member=Component L1_B3 (L1) 22uH
Added Member To Class: ClassName=boost_converters Member=Component P100 53261-0471
Added Member To Class: ClassName=boost_converters Member=Component P101 53261-0471
Added Member To Class: ClassName=boost_converters Member=Component P102 53261-0471
Added Member To Class: ClassName=boost_converters Member=Component P103 53261-0471
Added Member To Class: ClassName=boost_converters Member=Component P104 53261-0471
Added Member To Class: ClassName=boost_converters Member=Component P105 53261-0471
Added Member To Class: ClassName=boost_converters Member=Component P106 Header 2X2H
Added Member To Class: ClassName=B1 Member=Component Q1_B1 (Q1) TN0200K
Added Member To Class: ClassName=B2 Member=Component Q1_B2 (Q1) TN0200K
Added Member To Class: ClassName=B3 Member=Component Q1_B3 (Q1) TN0200K
Added Member To Class: ClassName=B1 Member=Component Q2_B1 (Q2) FDC637AN
Added Member To Class: ClassName=B2 Member=Component Q2_B2 (Q2) FDC637AN
Added Member To Class: ClassName=B3 Member=Component Q2_B3 (Q2) FDC637AN
Added Member To Class: ClassName=B1 Member=Component R1_B1 (R1) 8.2k
Added Member To Class: ClassName=B2 Member=Component R1_B2 (R1) 8.2k
Added Member To Class: ClassName=B3 Member=Component R1_B3 (R1) 8.2k
Added Member To Class: ClassName=B1 Member=Component R2_B1 (R2) 10k
Added Member To Class: ClassName=B2 Member=Component R2_B2 (R2) 10k
Added Member To Class: ClassName=B3 Member=Component R2_B3 (R2) 10k
Added Member To Class: ClassName=B1 Member=Component R3_B1 (R3) 2k
Added Member To Class: ClassName=B2 Member=Component R3_B2 (R3) 2k
Added Member To Class: ClassName=B3 Member=Component R3_B3 (R3) 2k
Added Member To Class: ClassName=B1 Member=Component R4_B1 (R4) 2k
Added Member To Class: ClassName=B2 Member=Component R4_B2 (R4) 2k
Added Member To Class: ClassName=B3 Member=Component R4_B3 (R4) 2k
Added Member To Class: ClassName=B1 Member=Component R5_B1 (R5) 1M
Added Member To Class: ClassName=B2 Member=Component R5_B2 (R5) 1M
Added Member To Class: ClassName=B3 Member=Component R5_B3 (R5) 1M
Added Member To Class: ClassName=boost_converters Member=Component R100 5m
Added Member To Class: ClassName=boost_converters Member=Component R101 5m
Added Member To Class: ClassName=B1 Member=Component R107_B1 (R107) 5m
Added Member To Class: ClassName=B2 Member=Component R107_B2 (R107) 5m
Added Member To Class: ClassName=B3 Member=Component R107_B3 (R107) 5m
Added Member To Class: ClassName=B1 Member=Component U1_B1 (U1) LMV7219
Added Member To Class: ClassName=B2 Member=Component U1_B2 (U1) LMV7219
Added Member To Class: ClassName=B3 Member=Component U1_B3 (U1) LMV7219
Added Member To Class: ClassName=B1 Member=Component U2_B1 (U2) MAX4372H
Added Member To Class: ClassName=B2 Member=Component U2_B2 (U2) MAX4372H
Added Member To Class: ClassName=B3 Member=Component U2_B3 (U2) MAX4372H
Added Member To Class: ClassName=boost_converters Member=Component U100 MAX4372H
Added Member To Class: ClassName=boost_converters Member=Component U101 MAX4372H
Added Room: Name=B1
Added Room: Name=B2
Added Room: Name=B3
Added Room: Name=B4
Added Room: Name=B33
Added Room: Name=B50
Added Room: Name=boost_converters
Added Room: Name=Designator
