Change Component Designator: Old Designator=C400 New Designator=C600
Change Component Designator: Old Designator=P1 New Designator=P600
Change Component Designator: Old Designator=R? New Designator=R600
Change Component Designator: Old Designator=U? New Designator=U600
Change Component Part ID : Designator=U600 Old Part ID =1 New Part ID =2
Change Component Designator: Old Designator=U? New Designator=U600
Change Component Part ID : Designator=U600 Old Part ID =2 New Part ID =7
Change Component Designator: Old Designator=U? New Designator=U600
Change Component Part ID : Designator=U600 Old Part ID =4 New Part ID =1
Change Component Designator: Old Designator=U? New Designator=U600
Change Component Part ID : Designator=U600 Old Part ID =4 New Part ID =3
Change Component Designator: Old Designator=U? New Designator=U600
Change Component Part ID : Designator=U600 Old Part ID =5 New Part ID =8
Change Component Designator: Old Designator=U? New Designator=U600
Change Component Part ID : Designator=U600 Old Part ID =6 New Part ID =10
Change Component Designator: Old Designator=U? New Designator=U600
Change Component Part ID : Designator=U600 Old Part ID =7 New Part ID =4
Change Component Designator: Old Designator=U? New Designator=U600
Change Component Part ID : Designator=U600 Old Part ID =8 New Part ID =9
Change Component Designator: Old Designator=U? New Designator=U600
Change Component Part ID : Designator=U600 Old Part ID =9 New Part ID =6
Change Component Designator: Old Designator=U? New Designator=U600
Change Component Part ID : Designator=U600 Old Part ID =10 New Part ID =11
Change Component Designator: Old Designator=U? New Designator=U600
Change Component Part ID : Designator=U600 Old Part ID =11 New Part ID =5
Change Component Designator: Old Designator=U? New Designator=U600
Change Component Designator: Old Designator=U? New Designator=U601
