Removed Parameter InternalID:105098 from Part C1
Change Value of Parameter Supplier Part Number 4 in Part C1 Old=5098 New=105098
Change Value of Parameter Supplier Part Number 4 in Part C2 Old=4784 New=104784
Change Value of Parameter Supplier Part Number 4 in Part C3 Old=5100 New=105100
Change Value of Parameter Supplier Part Number 4 in Part C4 Old=3635 New=103635
Change Value of Parameter Supplier Part Number 4 in Part C5 Old=5098 New=105098
Change Value of Parameter Supplier Part Number 4 in Part C6 Old=5100 New=105100
Change Value of Parameter Supplier Part Number 4 in Part C7 Old=5098 New=105098
Change Value of Parameter Supplier Part Number 4 in Part C10 Old=5098 New=105098
Change Value of Parameter Supplier Part Number 4 in Part C11 Old=5100 New=105100
Change Value of Parameter Supplier Part Number 4 in Part C12 Old=5098 New=105098
Change Value of Parameter Supplier Part Number 4 in Part D2 Old=6166 New=106166
Change Value of Parameter Supplier Part Number 4 in Part J1 Old=3131 New=103131
Change Value of Parameter Supplier Part Number 4 in Part J2 Old=3131 New=103131
Change Value of Parameter Supplier Part Number 4 in Part J3 Old=3131 New=103131
Change Value of Parameter Supplier Part Number 4 in Part L1 Old=6144 New=106144
Change Value of Parameter Supplier Part Number 4 in Part P1 Old=3050 New=103050
Change Value of Parameter Supplier Part Number 4 in Part R1 Old=3608 New=103608
Change Value of Parameter Supplier Part Number 4 in Part R2 Old=3719 New=103719
Change Value of Parameter Supplier Part Number 4 in Part R3 Old=3211 New=103211
Change Value of Parameter Supplier Part Number 4 in Part R4 Old=3211 New=103211
Change Value of Parameter Supplier Part Number 4 in Part R5 Old=3719 New=103719
Change Value of Parameter Supplier Part Number 4 in Part R6 Old=3719 New=103719
Change Value of Parameter Supplier Part Number 4 in Part R7 Old=3725 New=103725
Change Value of Parameter Supplier Part Number 4 in Part R8 Old=3725 New=103725
Change Value of Parameter Supplier Part Number 4 in Part R9 Old=3725 New=103725
Change Value of Parameter Supplier Part Number 4 in Part R10 Old=3719 New=103719
Change Value of Parameter Supplier Part Number 4 in Part R11 Old=3725 New=103725
Change Value of Parameter Supplier Part Number 4 in Part R13 Old=3727 New=103727
Change Value of Parameter Supplier Part Number 4 in Part R14 Old=3727 New=103727
Change Value of Parameter Supplier Part Number 4 in Part R15 Old=3684 New=103684
Change Value of Parameter Supplier Part Number 4 in Part R16 Old=3211 New=103211
Change Value of Parameter Supplier Part Number 4 in Part U1 Old=1160 New=101160
Change Value of Parameter Supplier Part Number 4 in Part U1 Old=1160 New=101160
Change Value of Parameter Supplier Part Number 4 in Part U2 Old=6165 New=106165
Change Value of Parameter Supplier Part Number 4 in Part U3 Old=2796 New=102796
Change Value of Parameter Supplier Part Number 4 in Part U4 Old=5065 New=105065
Change Value of Parameter Supplier Part Number 4 in Part U5 Old=2147 New=102147
Change Value of Parameter Supplier Part Number 4 in Part U6 Old=1160 New=101160
Change Value of Parameter Supplier Part Number 4 in Part U6 Old=1160 New=101160
Change Value of Parameter InternalID in Part C1 Old=Supplier Part Number 4 New=InternalID
Change Value of Parameter InternalID in Part C2 Old=Supplier Part Number 4 New=InternalID
Change Value of Parameter InternalID in Part C3 Old=Supplier Part Number 4 New=InternalID
Change Value of Parameter InternalID in Part C4 Old=Supplier Part Number 4 New=InternalID
Change Value of Parameter InternalID in Part C5 Old=Supplier Part Number 4 New=InternalID
Change Value of Parameter InternalID in Part C6 Old=Supplier Part Number 4 New=InternalID
Change Value of Parameter InternalID in Part C7 Old=Supplier Part Number 4 New=InternalID
Change Value of Parameter InternalID in Part C10 Old=Supplier Part Number 4 New=InternalID
Change Value of Parameter InternalID in Part C11 Old=Supplier Part Number 4 New=InternalID
Change Value of Parameter InternalID in Part C12 Old=Supplier Part Number 4 New=InternalID
Change Value of Parameter InternalID in Part D2 Old=Supplier Part Number 4 New=InternalID
Change Value of Parameter InternalID in Part J1 Old=Supplier Part Number 4 New=InternalID
Change Value of Parameter InternalID in Part J2 Old=Supplier Part Number 4 New=InternalID
Change Value of Parameter InternalID in Part J3 Old=Supplier Part Number 4 New=InternalID
Change Value of Parameter InternalID in Part L1 Old=Supplier Part Number 4 New=InternalID
Change Value of Parameter InternalID in Part P1 Old=Supplier Part Number 4 New=InternalID
Change Value of Parameter InternalID in Part R1 Old=Supplier Part Number 4 New=InternalID
Change Value of Parameter InternalID in Part R2 Old=Supplier Part Number 4 New=InternalID
Change Value of Parameter InternalID in Part R3 Old=Supplier Part Number 4 New=InternalID
Change Value of Parameter InternalID in Part R4 Old=Supplier Part Number 4 New=InternalID
Change Value of Parameter InternalID in Part R5 Old=Supplier Part Number 4 New=InternalID
Change Value of Parameter InternalID in Part R6 Old=Supplier Part Number 4 New=InternalID
Change Value of Parameter InternalID in Part R7 Old=Supplier Part Number 4 New=InternalID
Change Value of Parameter InternalID in Part R8 Old=Supplier Part Number 4 New=InternalID
Change Value of Parameter InternalID in Part R9 Old=Supplier Part Number 4 New=InternalID
Change Value of Parameter InternalID in Part R10 Old=Supplier Part Number 4 New=InternalID
Change Value of Parameter InternalID in Part R11 Old=Supplier Part Number 4 New=InternalID
Change Value of Parameter InternalID in Part R13 Old=Supplier Part Number 4 New=InternalID
Change Value of Parameter InternalID in Part R14 Old=Supplier Part Number 4 New=InternalID
Change Value of Parameter InternalID in Part R15 Old=Supplier Part Number 4 New=InternalID
Change Value of Parameter InternalID in Part R16 Old=Supplier Part Number 4 New=InternalID
Change Value of Parameter InternalID in Part U1 Old=Supplier Part Number 4 New=InternalID
Change Value of Parameter InternalID in Part U1 Old=Supplier Part Number 4 New=InternalID
Change Value of Parameter InternalID in Part U2 Old=Supplier Part Number 4 New=InternalID
Change Value of Parameter InternalID in Part U3 Old=Supplier Part Number 4 New=InternalID
Change Value of Parameter InternalID in Part U4 Old=Supplier Part Number 4 New=InternalID
Change Value of Parameter InternalID in Part U5 Old=Supplier Part Number 4 New=InternalID
Change Value of Parameter InternalID in Part U6 Old=Supplier Part Number 4 New=InternalID
Change Value of Parameter InternalID in Part U6 Old=Supplier Part Number 4 New=InternalID
